WARNING: A terminally deprecated method in sun.misc.Unsafe has been called
WARNING: sun.misc.Unsafe::staticFieldBase has been called by com.google.inject.internal.aop.HiddenClassDefiner (file:/Users/marialuisabritez/.m2/wrapper/dists/apache-maven-3.9.11/a2d47e15/lib/guice-5.1.0-classes.jar)
WARNING: Please consider reporting this to the maintainers of class com.google.inject.internal.aop.HiddenClassDefiner
WARNING: sun.misc.Unsafe::staticFieldBase will be removed in a future release
[INFO] Scanning for projects...
[INFO] 
[INFO] -------------------< io.github.grupo01:volve-a-casa >-------------------
[INFO] Building volve-a-casa 0.0.1-SNAPSHOT
[INFO]   from pom.xml
[INFO] --------------------------------[ war ]---------------------------------
[INFO] 
[INFO] >>> spring-boot:3.5.7:run (default-cli) > test-compile @ volve-a-casa >>>
[INFO] 
[INFO] --- resources:3.3.1:resources (default-resources) @ volve-a-casa ---
[INFO] Copying 1 resource from src/main/resources to target/classes
[INFO] Copying 0 resource from src/main/resources to target/classes
[INFO] 
[INFO] --- compiler:3.14.1:compile (default-compile) @ volve-a-casa ---
[INFO] Nothing to compile - all classes are up to date.
[INFO] 
[INFO] --- resources:3.3.1:testResources (default-testResources) @ volve-a-casa ---
[INFO] skip non existing resourceDirectory /Users/marialuisabritez/Documents/ttps/volve-a-casa/src/test/resources
[INFO] 
[INFO] --- compiler:3.14.1:testCompile (default-testCompile) @ volve-a-casa ---
[INFO] Nothing to compile - all classes are up to date.
[INFO] 
[INFO] <<< spring-boot:3.5.7:run (default-cli) < test-compile @ volve-a-casa <<<
[INFO] 
[INFO] 
[INFO] --- spring-boot:3.5.7:run (default-cli) @ volve-a-casa ---
[INFO] Attaching agents: []

  .   ____          _            __ _ _
 /\\ / ___'_ __ _ _(_)_ __  __ _ \ \ \ \
( ( )\___ | '_ | '_| | '_ \/ _` | \ \ \ \
 \\/  ___)| |_)| | | | | || (_| |  ) ) ) )
  '  |____| .__|_| |_|_| |_\__, | / / / /
 =========|_|==============|___/=/_/_/_/

 :: Spring Boot ::                (v3.5.7)

2025-11-14T16:28:32.938-03:00  INFO 58409 --- [volve-a-casa] [           main] i.g.g.v.VolveACasaApplication            : Starting VolveACasaApplication using Java 24.0.2 with PID 58409 (/Users/marialuisabritez/Documents/ttps/volve-a-casa/target/classes started by marialuisabritez in /Users/marialuisabritez/Documents/ttps/volve-a-casa)
2025-11-14T16:28:32.938-03:00  INFO 58409 --- [volve-a-casa] [           main] i.g.g.v.VolveACasaApplication            : The following 1 profile is active: "test"
2025-11-14T16:28:33.197-03:00  INFO 58409 --- [volve-a-casa] [           main] .s.d.r.c.RepositoryConfigurationDelegate : Bootstrapping Spring Data JPA repositories in DEFAULT mode.
2025-11-14T16:28:33.214-03:00  INFO 58409 --- [volve-a-casa] [           main] .s.d.r.c.RepositoryConfigurationDelegate : Finished Spring Data repository scanning in 14 ms. Found 5 JPA repository interfaces.
2025-11-14T16:28:33.369-03:00  INFO 58409 --- [volve-a-casa] [           main] o.s.b.w.embedded.tomcat.TomcatWebServer  : Tomcat initialized with port 8080 (http)
2025-11-14T16:28:33.374-03:00  INFO 58409 --- [volve-a-casa] [           main] o.apache.catalina.core.StandardService   : Starting service [Tomcat]
2025-11-14T16:28:33.374-03:00  INFO 58409 --- [volve-a-casa] [           main] o.apache.catalina.core.StandardEngine    : Starting Servlet engine: [Apache Tomcat/10.1.48]
2025-11-14T16:28:33.390-03:00  INFO 58409 --- [volve-a-casa] [           main] o.a.c.c.C.[Tomcat].[localhost].[/]       : Initializing Spring embedded WebApplicationContext
2025-11-14T16:28:33.390-03:00  INFO 58409 --- [volve-a-casa] [           main] w.s.c.ServletWebServerApplicationContext : Root WebApplicationContext: initialization completed in 435 ms
2025-11-14T16:28:33.438-03:00  INFO 58409 --- [volve-a-casa] [           main] o.hibernate.jpa.internal.util.LogHelper  : HHH000204: Processing PersistenceUnitInfo [name: default]
2025-11-14T16:28:33.456-03:00  INFO 58409 --- [volve-a-casa] [           main] org.hibernate.Version                    : HHH000412: Hibernate ORM core version 6.6.33.Final
2025-11-14T16:28:33.470-03:00  INFO 58409 --- [volve-a-casa] [           main] o.h.c.internal.RegionFactoryInitiator    : HHH000026: Second-level cache disabled
2025-11-14T16:28:33.556-03:00  INFO 58409 --- [volve-a-casa] [           main] o.s.o.j.p.SpringPersistenceUnitInfo      : No LoadTimeWeaver setup: ignoring JPA class transformer
2025-11-14T16:28:33.565-03:00  INFO 58409 --- [volve-a-casa] [           main] com.zaxxer.hikari.HikariDataSource       : HikariPool-1 - Starting...
2025-11-14T16:28:33.620-03:00  INFO 58409 --- [volve-a-casa] [           main] com.zaxxer.hikari.pool.HikariPool        : HikariPool-1 - Added connection conn0: url=jdbc:h2:mem:testdb user=SA
2025-11-14T16:28:33.620-03:00  INFO 58409 --- [volve-a-casa] [           main] com.zaxxer.hikari.HikariDataSource       : HikariPool-1 - Start completed.
2025-11-14T16:28:33.640-03:00  INFO 58409 --- [volve-a-casa] [           main] org.hibernate.orm.connections.pooling    : HHH10001005: Database info:
	Database JDBC URL [Connecting through datasource 'HikariDataSource (HikariPool-1)']
	Database driver: undefined/unknown
	Database version: 2.3.232
	Autocommit mode: undefined/unknown
	Isolation level: undefined/unknown
	Minimum pool size: undefined/unknown
	Maximum pool size: undefined/unknown
2025-11-14T16:28:33.932-03:00  INFO 58409 --- [volve-a-casa] [           main] o.h.e.t.j.p.i.JtaPlatformInitiator       : HHH000489: No JTA platform available (set 'hibernate.transaction.jta.platform' to enable JTA platform integration)
2025-11-14T16:28:33.951-03:00  INFO 58409 --- [volve-a-casa] [           main] j.LocalContainerEntityManagerFactoryBean : Initialized JPA EntityManagerFactory for persistence unit 'default'
2025-11-14T16:28:34.082-03:00  WARN 58409 --- [volve-a-casa] [           main] JpaBaseConfiguration$JpaWebConfiguration : spring.jpa.open-in-view is enabled by default. Therefore, database queries may be performed during view rendering. Explicitly configure spring.jpa.open-in-view to disable this warning
2025-11-14T16:28:34.092-03:00  WARN 58409 --- [volve-a-casa] [           main] .s.s.UserDetailsServiceAutoConfiguration : 

Using generated security password: 3f63b36d-4283-48ed-b2b6-70d7866b7812

This generated password is for development use only. Your security configuration must be updated before running your application in production.

2025-11-14T16:28:34.094-03:00  INFO 58409 --- [volve-a-casa] [           main] r$InitializeUserDetailsManagerConfigurer : Global AuthenticationManager configured with UserDetailsService bean with name inMemoryUserDetailsManager
2025-11-14T16:28:34.323-03:00  INFO 58409 --- [volve-a-casa] [           main] o.s.b.w.embedded.tomcat.TomcatWebServer  : Tomcat started on port 8080 (http) with context path '/'
2025-11-14T16:28:34.327-03:00  INFO 58409 --- [volve-a-casa] [           main] i.g.g.v.VolveACasaApplication            : Started VolveACasaApplication in 1.51 seconds (process running for 1.617)
2025-11-14T16:28:51.139-03:00  INFO 58409 --- [volve-a-casa] [nio-8080-exec-1] o.a.c.c.C.[Tomcat].[localhost].[/]       : Initializing Spring DispatcherServlet 'dispatcherServlet'
2025-11-14T16:28:51.139-03:00  INFO 58409 --- [volve-a-casa] [nio-8080-exec-1] o.s.web.servlet.DispatcherServlet        : Initializing Servlet 'dispatcherServlet'
2025-11-14T16:28:51.139-03:00  INFO 58409 --- [volve-a-casa] [nio-8080-exec-1] o.s.web.servlet.DispatcherServlet        : Completed initialization in 0 ms
2025-11-14T16:28:51.268-03:00  INFO 58409 --- [volve-a-casa] [nio-8080-exec-1] o.springdoc.api.AbstractOpenApiResource  : Init duration for springdoc-openapi is: 110 ms
2025-11-14T16:29:51.682-03:00  INFO 58409 --- [volve-a-casa] [nio-8080-exec-6] o.springdoc.api.AbstractOpenApiResource  : Init duration for springdoc-openapi is: 90 ms
